<?xml version="1.0" encoding="UTF-8"?>
<!-- Generated by org.testng.reporters.JUnitXMLReporter -->
<testsuite hostname="DESKTOP-1RTIIIL" ignored="0" name="Surefire test" tests="4" failures="0" timestamp="07 Feb 2021 20:12:56 GMT" time="7.051" errors="0">
  <testcase name="testCase" time="5.091" classname="com.tws.twsframework.tests.FirstTest"/>
  <testcase name="testCase" time="5.101" classname="com.tws.twsframework.tests.FirstTest"/>
  <testcase name="testCase" time="5.106" classname="com.tws.twsframework.tests.FirstTest"/>
  <testcase name="testCase" time="6.423" classname="com.tws.twsframework.tests.FirstTest"/>
</testsuite> <!-- Surefire test -->
